= Host-specific information ====================================================
$> hostname; uname -msr
e1z3r6p19.42.us.org
Darwin 15.6.0 x86_64
$> date
Sun Nov 12 22:34:16 PST 2017
$> gcc --version
Configured with: --prefix=/Applications/Xcode.app/Contents/Developer/usr --with-gxx-include-dir=/usr/include/c++/4.2.1
Apple LLVM version 8.0.0 (clang-800.0.38)
Target: x86_64-apple-darwin15.6.0
Thread model: posix
InstalledDir: /Applications/Xcode.app/Contents/Developer/Toolchains/XcodeDefault.xctoolchain/usr/bin
$> clang --version
Apple LLVM version 8.0.0 (clang-800.0.38)
Target: x86_64-apple-darwin15.6.0
Thread model: posix
InstalledDir: /Applications/Xcode.app/Contents/Developer/Toolchains/XcodeDefault.xctoolchain/usr/bin

= User files collection ========================================================
Collecting user files from Vogsphere
Repository URL: auto-exam/2017/c-exam-alone-in-the-dark-beginner/practice-exam_20171113/ztisnes

= Git history ==================================================================
$> git -C /var/folders/cw/tf6326rs2196j49rnwqpj8c40000gp/T/tmpr1Zgtz/user log --pretty='%H - %an, %ad : %s'
db9eb9c3a6c83282f6099136f51fb8422c2afaac - zedin27, Sun Nov 12 22:30:53 2017 -0800 : :))
66eff5414aba825fa343e0b3d86d7bc7c1964915 - zedin27, Sun Nov 12 22:08:27 2017 -0800 : :))
f9c851649995950bd26cbd449a5dfc69b84153a0 - zedin27, Sun Nov 12 21:59:21 2017 -0800 : :)
 
= Collected files ==========================================
$> ls -lAR /var/folders/cw/tf6326rs2196j49rnwqpj8c40000gp/T/tmpr1Zgtz/user
total 8
-rw-r--r--  1 deepthought  deepthought  670 Nov 12 22:34 __GIT_HISTORY
drwxr-xr-x  3 deepthought  deepthought  102 Nov 12 22:34 ft_countdown
drwxr-xr-x  3 deepthought  deepthought  102 Nov 12 22:34 ft_putstr
drwxr-xr-x  3 deepthought  deepthought  102 Nov 12 22:34 rev_print

/var/folders/cw/tf6326rs2196j49rnwqpj8c40000gp/T/tmpr1Zgtz/user/ft_countdown:
total 8
-rw-r--r--  1 deepthought  deepthought  972 Nov 12 22:34 ft_countdown.c

/var/folders/cw/tf6326rs2196j49rnwqpj8c40000gp/T/tmpr1Zgtz/user/ft_putstr:
total 8
-rw-r--r--  1 deepthought  deepthought  172 Nov 12 22:34 ft_putstr.c

/var/folders/cw/tf6326rs2196j49rnwqpj8c40000gp/T/tmpr1Zgtz/user/rev_print:
total 8
-rw-r--r--  1 deepthought  deepthought  251 Nov 12 22:34 rev_print.c
 
= reverse_bits =================================================================
Nothing turned in
Grade: 0

= Final grade: 0 ===============================================================
