= Host-specific information ====================================================
$> hostname; uname -msr
e1z1r1p6.42.us.org
Darwin 15.6.0 x86_64
$> date
Sun Nov 12 23:02:15 PST 2017
$> gcc --version
Configured with: --prefix=/Applications/Xcode.app/Contents/Developer/usr --with-gxx-include-dir=/usr/include/c++/4.2.1
Apple LLVM version 8.0.0 (clang-800.0.38)
Target: x86_64-apple-darwin15.6.0
Thread model: posix
InstalledDir: /Applications/Xcode.app/Contents/Developer/Toolchains/XcodeDefault.xctoolchain/usr/bin
$> clang --version
Apple LLVM version 8.0.0 (clang-800.0.38)
Target: x86_64-apple-darwin15.6.0
Thread model: posix
InstalledDir: /Applications/Xcode.app/Contents/Developer/Toolchains/XcodeDefault.xctoolchain/usr/bin

= User files collection ========================================================
Collecting user files from Vogsphere
Repository URL: auto-exam/2017/c-exam-alone-in-the-dark-beginner/practice-exam_20171113/ztisnes

= Git history ==================================================================
$> git -C /var/folders/_k/wktms0792b7db7qq4hq45rpc0000gp/T/tmpUAm_Xr/user log --pretty='%H - %an, %ad : %s'
bc321bf4cfe204122a22b62dac9e8cfb75ae5ca6 - zedin27, Sun Nov 12 23:02:00 2017 -0800 : :)))
db9eb9c3a6c83282f6099136f51fb8422c2afaac - zedin27, Sun Nov 12 22:30:53 2017 -0800 : :))
66eff5414aba825fa343e0b3d86d7bc7c1964915 - zedin27, Sun Nov 12 22:08:27 2017 -0800 : :))
f9c851649995950bd26cbd449a5dfc69b84153a0 - zedin27, Sun Nov 12 21:59:21 2017 -0800 : :)
 
= Collected files ==========================================
$> ls -lAR /var/folders/_k/wktms0792b7db7qq4hq45rpc0000gp/T/tmpUAm_Xr/user
total 8
-rw-r--r--  1 deepthought  deepthought  879 Nov 12 23:02 __GIT_HISTORY
drwxr-xr-x  3 deepthought  deepthought  102 Nov 12 23:02 ft_countdown
drwxr-xr-x  3 deepthought  deepthought  102 Nov 12 23:02 ft_putstr
drwxr-xr-x  3 deepthought  deepthought  102 Nov 12 23:02 max
drwxr-xr-x  3 deepthought  deepthought  102 Nov 12 23:02 rev_print

/var/folders/_k/wktms0792b7db7qq4hq45rpc0000gp/T/tmpUAm_Xr/user/ft_countdown:
total 8
-rw-r--r--  1 deepthought  deepthought  972 Nov 12 23:02 ft_countdown.c

/var/folders/_k/wktms0792b7db7qq4hq45rpc0000gp/T/tmpUAm_Xr/user/ft_putstr:
total 8
-rw-r--r--  1 deepthought  deepthought  172 Nov 12 23:02 ft_putstr.c

/var/folders/_k/wktms0792b7db7qq4hq45rpc0000gp/T/tmpUAm_Xr/user/max:
total 8
-rw-r--r--  1 deepthought  deepthought  204 Nov 12 23:02 max.c

/var/folders/_k/wktms0792b7db7qq4hq45rpc0000gp/T/tmpUAm_Xr/user/rev_print:
total 8
-rw-r--r--  1 deepthought  deepthought  251 Nov 12 23:02 rev_print.c
 
= max ==========================================================================
$> gcc -Wextra -Wall -Werror main.c max.c -o user_exe 
max.c:11:11: error: comparison of integers of different signs: 'unsigned int' and 'int' [-Werror,-Wsign-compare]
                if (len == -1)
                    ~~~ ^  ~~
1 error generated.

Could not compile 'user_exe'
Grade: 0

= Final grade: 0 ===============================================================
