= Host-specific information ====================================================
$> hostname; uname -msr
e1z1r2p31.42.us.org
Darwin 15.6.0 x86_64
$> date
Mon Nov 13 00:28:38 PST 2017
$> gcc --version
Configured with: --prefix=/Applications/Xcode.app/Contents/Developer/usr --with-gxx-include-dir=/usr/include/c++/4.2.1
Apple LLVM version 8.0.0 (clang-800.0.38)
Target: x86_64-apple-darwin15.6.0
Thread model: posix
InstalledDir: /Applications/Xcode.app/Contents/Developer/Toolchains/XcodeDefault.xctoolchain/usr/bin
$> clang --version
Apple LLVM version 8.0.0 (clang-800.0.38)
Target: x86_64-apple-darwin15.6.0
Thread model: posix
InstalledDir: /Applications/Xcode.app/Contents/Developer/Toolchains/XcodeDefault.xctoolchain/usr/bin

= User files collection ========================================================
Collecting user files from Vogsphere
Repository URL: auto-exam/2017/c-exam-alone-in-the-dark-beginner/practice-exam_20171113/ztisnes

= Git history ==================================================================
$> git -C /var/folders/f9/v3jy6y993_36xq7nhyxqbvwc0000gp/T/tmpWBfd_c/user log --pretty='%H - %an, %ad : %s'
03122379554ec195ece37602646aa53156a0c238 - zedin27, Mon Nov 13 00:28:19 2017 -0800 : :)))
7f8156cc388d260aca379e985577f5936ec77600 - zedin27, Sun Nov 12 23:45:38 2017 -0800 : :)))
2bb67f68f47ddc23f42515e3a341350f5e293e3b - zedin27, Sun Nov 12 23:36:16 2017 -0800 : :)))
bc321bf4cfe204122a22b62dac9e8cfb75ae5ca6 - zedin27, Sun Nov 12 23:02:00 2017 -0800 : :)))
db9eb9c3a6c83282f6099136f51fb8422c2afaac - zedin27, Sun Nov 12 22:30:53 2017 -0800 : :))
66eff5414aba825fa343e0b3d86d7bc7c1964915 - zedin27, Sun Nov 12 22:08:27 2017 -0800 : :))
f9c851649995950bd26cbd449a5dfc69b84153a0 - zedin27, Sun Nov 12 21:59:21 2017 -0800 : :)
 
= Collected files ==========================================
$> ls -lAR /var/folders/f9/v3jy6y993_36xq7nhyxqbvwc0000gp/T/tmpWBfd_c/user
total 8
-rw-r--r--  1 deepthought  deepthought  1604 Nov 13 00:28 __GIT_HISTORY
drwxr-xr-x  3 deepthought  deepthought   102 Nov 13 00:28 ft_countdown
drwxr-xr-x  3 deepthought  deepthought   102 Nov 13 00:28 ft_putstr
drwxr-xr-x  3 deepthought  deepthought   102 Nov 13 00:28 ft_strdup
drwxr-xr-x  3 deepthought  deepthought   102 Nov 13 00:28 max
drwxr-xr-x  3 deepthought  deepthought   102 Nov 13 00:28 rev_print
drwxr-xr-x  3 deepthought  deepthought   102 Nov 13 00:28 rstr_capitalizer

/var/folders/f9/v3jy6y993_36xq7nhyxqbvwc0000gp/T/tmpWBfd_c/user/ft_countdown:
total 8
-rw-r--r--  1 deepthought  deepthought  972 Nov 13 00:28 ft_countdown.c

/var/folders/f9/v3jy6y993_36xq7nhyxqbvwc0000gp/T/tmpWBfd_c/user/ft_putstr:
total 8
-rw-r--r--  1 deepthought  deepthought  172 Nov 13 00:28 ft_putstr.c

/var/folders/f9/v3jy6y993_36xq7nhyxqbvwc0000gp/T/tmpWBfd_c/user/ft_strdup:
total 8
-rw-r--r--  1 deepthought  deepthought  447 Nov 13 00:28 ft_strdup.c

/var/folders/f9/v3jy6y993_36xq7nhyxqbvwc0000gp/T/tmpWBfd_c/user/max:
total 8
-rw-r--r--  1 deepthought  deepthought  204 Nov 13 00:28 max.c

/var/folders/f9/v3jy6y993_36xq7nhyxqbvwc0000gp/T/tmpWBfd_c/user/rev_print:
total 8
-rw-r--r--  1 deepthought  deepthought  251 Nov 13 00:28 rev_print.c

/var/folders/f9/v3jy6y993_36xq7nhyxqbvwc0000gp/T/tmpWBfd_c/user/rstr_capitalizer:
total 8
-rw-r--r--  1 deepthought  deepthought  727 Nov 13 00:28 rstr_capitalizer.c
 
= rstr_capitalizer =============================================================
$> gcc -Wextra -Wall -Werror rstr_capitalizer.c -o user_exe 

= Test 1 ===================================================
$> ./2wbvl86gx6q2bopnykzc5881 
$> diff -U 3 user_output_test1 test1.output | cat -e

Diff OK :D
= Test 2 ===================================================
$> ./cs2mbvwdzx3ry0tn7yslsa1x 
$> diff -U 3 user_output_test2 test2.output | cat -e

Diff OK :D
= Test 3 ===================================================
$> ./e38b5f4o1levkmkc46cx3hed "6ulyaON5hS"
$> diff -U 3 user_output_test3 test3.output | cat -e
--- user_output_test3	2017-11-13 00:28:40.000000000 -0800$
+++ test3.output	2017-11-13 00:28:40.000000000 -0800$
@@ -1,2 +1 @@$
 6ulyaon5hS$
-$

Diff KO :(
Grade: 0

= Final grade: 0 ===============================================================
