= Host-specific information ====================================================
$> hostname; uname -msr
e1z2r3p17.42.us.org
Darwin 15.6.0 x86_64
$> date
Fri Mar 16 15:50:29 PDT 2018
$> gcc --version
Configured with: --prefix=/Applications/Xcode.app/Contents/Developer/usr --with-gxx-include-dir=/Applications/Xcode.app/Contents/Developer/Platforms/MacOSX.platform/Developer/SDKs/MacOSX10.12.sdk/usr/include/c++/4.2.1
Apple LLVM version 8.0.0 (clang-800.0.38)
Target: x86_64-apple-darwin15.6.0
Thread model: posix
InstalledDir: /Applications/Xcode.app/Contents/Developer/Toolchains/XcodeDefault.xctoolchain/usr/bin
$> clang --version
Apple LLVM version 8.0.0 (clang-800.0.38)
Target: x86_64-apple-darwin15.6.0
Thread model: posix
InstalledDir: /Applications/Xcode.app/Contents/Developer/Toolchains/XcodeDefault.xctoolchain/usr/bin

= User files collection ========================================================
Collecting user files from Vogsphere
Repository URL: auto-exam/2018/c-exam-alone-in-the-dark-beginner/practice-exam_20180316/ztisnes

= Git history ==================================================================
$> git -C /var/folders/97/qpsq8lcx3kxdx6wbrznc5n600000gp/T/tmptHdJej/user log --pretty='%H - %an, %ad : %s'
fa03d967a72e06230ad70ce27cccdfa291a88638 - zedin27, Fri Mar 16 15:50:14 2018 -0700 : 25536msg
9eaaf97becc6d15bdeb22faba806b21b91c588f2 - zedin27, Fri Mar 16 15:33:37 2018 -0700 : 25536msg
 
= Collected files ==========================================
$> ls -lAR /var/folders/97/qpsq8lcx3kxdx6wbrznc5n600000gp/T/tmptHdJej/user
total 8
-rw-r--r--  1 deepthought  deepthought  456 Mar 16 15:50 __GIT_HISTORY
drwxr-xr-x  3 deepthought  deepthought  102 Mar 16 15:50 ft_strcpy
drwxr-xr-x  3 deepthought  deepthought  102 Mar 16 15:50 maff_revalpha

/var/folders/97/qpsq8lcx3kxdx6wbrznc5n600000gp/T/tmptHdJej/user/ft_strcpy:
total 8
-rw-r--r--  1 deepthought  deepthought  144 Mar 16 15:50 ft_strcpy.c

/var/folders/97/qpsq8lcx3kxdx6wbrznc5n600000gp/T/tmptHdJej/user/maff_revalpha:
total 8
-rw-r--r--  1 deepthought  deepthought  223 Mar 16 15:50 maff_revalpha.c
 
= ft_strcpy ====================================================================
$> gcc -Wextra -Wall -Werror main.c ft_strcpy.c -o user_exe 
ft_strcpy.c:9:6: error: unsequenced modification and access to 'i' [-Werror,-Wunsequenced]
                s1[++i] = s2[i];
                   ^         ~
1 error generated.

Could not compile 'user_exe'
Grade: 0

= Final grade: 0 ===============================================================
