= Host-specific information ====================================================
$> hostname; uname -msr
e1z1r4p18.42.us.org
Darwin 15.6.0 x86_64
$> date
Fri Mar 16 17:25:50 PDT 2018
$> gcc --version
Configured with: --prefix=/Applications/Xcode.app/Contents/Developer/usr --with-gxx-include-dir=/usr/include/c++/4.2.1
Apple LLVM version 8.0.0 (clang-800.0.38)
Target: x86_64-apple-darwin15.6.0
Thread model: posix
InstalledDir: /Applications/Xcode.app/Contents/Developer/Toolchains/XcodeDefault.xctoolchain/usr/bin
$> clang --version
Apple LLVM version 8.0.0 (clang-800.0.38)
Target: x86_64-apple-darwin15.6.0
Thread model: posix
InstalledDir: /Applications/Xcode.app/Contents/Developer/Toolchains/XcodeDefault.xctoolchain/usr/bin

= User files collection ========================================================
Collecting user files from Vogsphere
Repository URL: auto-exam/2018/c-exam-alone-in-the-dark-beginner/practice-exam_20180316/ztisnes

= Git history ==================================================================
$> git -C /var/folders/qc/6z14424n33qfsbjhsy8jc5t80000gp/T/tmpQ9npSF/user log --pretty='%H - %an, %ad : %s'
0a137be8a98092d6cfe724832a083c5080fee0c7 - zedin27, Fri Mar 16 17:25:43 2018 -0700 : 25595msg
3c36df83a7a349b362906356f47e9f59a0dadc90 - zedin27, Fri Mar 16 17:25:32 2018 -0700 : 25595msg
4b28074fb6e800c9b971179f79a4eee7a78f657b - zedin27, Fri Mar 16 16:53:23 2018 -0700 : 25595msg
779ad5e439777133a2a82ef173a26b53ade04b62 - zedin27, Fri Mar 16 16:53:16 2018 -0700 : 25595msg
98bf07d4d36e21b45e78535180fd7ff05097de15 - zedin27, Fri Mar 16 16:32:16 2018 -0700 : 25536msg
f205cf62f4fac5873c77f7355729681d6155d799 - zedin27, Fri Mar 16 16:32:05 2018 -0700 : 25536msg
fa03d967a72e06230ad70ce27cccdfa291a88638 - zedin27, Fri Mar 16 15:50:14 2018 -0700 : 25536msg
9eaaf97becc6d15bdeb22faba806b21b91c588f2 - zedin27, Fri Mar 16 15:33:37 2018 -0700 : 25536msg
 
= Collected files ==========================================
$> ls -lAR /var/folders/qc/6z14424n33qfsbjhsy8jc5t80000gp/T/tmpQ9npSF/user
total 8
-rw-r--r--  1 deepthought  deepthought  2008 Mar 16 17:25 __GIT_HISTORY
drwxr-xr-x  3 deepthought  deepthought   102 Mar 16 17:25 ft_strcpy
drwxr-xr-x  3 deepthought  deepthought   102 Mar 16 17:25 ft_strrev
drwxr-xr-x  3 deepthought  deepthought   102 Mar 16 17:25 last_word
drwxr-xr-x  3 deepthought  deepthought   102 Mar 16 17:25 maff_revalpha
drwxr-xr-x  3 deepthought  deepthought   102 Mar 16 17:25 rotone

/var/folders/qc/6z14424n33qfsbjhsy8jc5t80000gp/T/tmpQ9npSF/user/ft_strcpy:
total 8
-rw-r--r--  1 deepthought  deepthought  144 Mar 16 17:25 ft_strcpy.c

/var/folders/qc/6z14424n33qfsbjhsy8jc5t80000gp/T/tmpQ9npSF/user/ft_strrev:
total 8
-rw-r--r--  1 deepthought  deepthought  237 Mar 16 17:25 ft_strrev.c

/var/folders/qc/6z14424n33qfsbjhsy8jc5t80000gp/T/tmpQ9npSF/user/last_word:
total 8
-rw-r--r--  1 deepthought  deepthought  385 Mar 16 17:25 last_word.c

/var/folders/qc/6z14424n33qfsbjhsy8jc5t80000gp/T/tmpQ9npSF/user/maff_revalpha:
total 8
-rw-r--r--  1 deepthought  deepthought  223 Mar 16 17:25 maff_revalpha.c

/var/folders/qc/6z14424n33qfsbjhsy8jc5t80000gp/T/tmpQ9npSF/user/rotone:
total 8
-rw-r--r--  1 deepthought  deepthought  499 Mar 16 17:25 rotone.c
 
= last_word ====================================================================
$> gcc -Wextra -Wall -Werror last_word.c -o user_exe 

= Test 1 ===================================================
$> ./obk3c3ck9053nwb16h47uem3 
$> diff -U 3 user_output_test1 test1.output | cat -e

Diff OK :D
= Test 2 ===================================================
$> ./axd6x32powbz9qygu47mrr50 
$> diff -U 3 user_output_test2 test2.output | cat -e

Diff OK :D
= Test 3 ===================================================
$> ./gztcj7hhqiokuo5uwjmfhg34 "salut" "a" "tous" "tout" "le" "monde"
$> diff -U 3 user_output_test3 test3.output | cat -e

Diff OK :D
= Test 4 ===================================================
$> ./rgb1vbxsyzao6grgdav6ja8b "VMGZN"
$> diff -U 3 user_output_test4 test4.output | cat -e

Diff OK :D
= Test 5 ===================================================
$> ./rathatoxh1pxqti1278amsq4 "lPFDX29idvrp5VSq"
$> diff -U 3 user_output_test5 test5.output | cat -e

Diff OK :D
= Test 6 ===================================================
$> ./pk2cz2x2j9y2o5ffdn2n6l0p "rho"
$> diff -U 3 user_output_test6 test6.output | cat -e

Diff OK :D
= Test 7 ===================================================
$> ./zwbg5wozrf2t929opjt1a4lm "2xGKA7faUrbcoR9 sZEeG nclZ2m EnBZ3kMrKX0VqScT Y1Xa8lEupJG 2p8ndwjaF mwKGU jUgKTx6aVIe S79GVF0aBuW6k5 IvfeMaXL259gQ VCb"
$> diff -U 3 user_output_test7 test7.output | cat -e

Diff OK :D
= Test 8 ===================================================
$> ./m2g2yt15b78ikviabmkkhhr6 "Svjf pzOH7G5JCkIUv9aqX adCYj9tmWgOUb iaMvrBnEDwl65 dnHSglo0DOEQLJV rD3uOT1FQGaqL Gtqc1Py Cpe4hWE17XH ISipK1A62urYDQqN 62vPMLW4xjSYFNHn xjotQ5T MotJh vclI7S68kAD1 C4o0FlQ1 wCVPutjnlAN FBapy VK4gQZkU3Xn FoyMiGmwSTjhaQ"
$> diff -U 3 user_output_test8 test8.output | cat -e

Diff OK :D
= Test 9 ===================================================
$> ./l3aphy7qxc0aiuelrxuic7zm "hxZ8DnmoX9A POW1XUMuV DU0 KrQ8tW0ViDR GPnbsUjOZVSEe3k2 1EiS8y4AIJo6RlWj 7jNXwOISCnk1U2Lm8 rDQfjN65OxS9 L6iKY1fFBv8 xFuOhan26ztjGskW sv2HxSEMc 0rpl7M VABeWXwhbd nPqj516hWV3Xrbm"
$> diff -U 3 user_output_test9 test9.output | cat -e

Diff OK :D
= Test 10 ==================================================
$> ./wlkyx1porz96a3fvewb6vyue " 3sJbnj982REYGs@aV1uR6Lz27be@3qmu9d	 n53zbv7VfFm0tRK	("
$> diff -U 3 user_output_test10 test10.output | cat -e
--- user_output_test10	2018-03-16 17:25:52.000000000 -0700$
+++ test10.output	2018-03-16 17:25:52.000000000 -0700$
@@ -1 +1 @@$
-n53zbv7VfFm0tRK$
+($

Diff KO :(
Grade: 0

= Final grade: 0 ===============================================================
