= Host-specific information ====================================================
$> hostname; uname -msr
e1z1r4p6.42.us.org
Darwin 17.4.0 x86_64
$> date
Thu Aug  9 16:20:43 PDT 2018
$> gcc --version
Configured with: --prefix=/Library/Developer/CommandLineTools/usr --with-gxx-include-dir=/usr/include/c++/4.2.1
Apple LLVM version 9.0.0 (clang-900.0.39.2)
Target: x86_64-apple-darwin17.4.0
Thread model: posix
InstalledDir: /Library/Developer/CommandLineTools/usr/bin
$> clang --version
Apple LLVM version 9.0.0 (clang-900.0.39.2)
Target: x86_64-apple-darwin17.4.0
Thread model: posix
InstalledDir: /Library/Developer/CommandLineTools/usr/bin

= User files collection ========================================================
Collecting user files from Vogsphere
Repository URL: auto-exam/2018/c-exam-alone-in-the-dark-beginner/practice-exam_20180809/ztisnes

= Git history ==================================================================
$> git -C /var/folders/kn/v9wsh0dj3_9796kjqhdczyjc0000gp/T/tmp6FZYay/user log --pretty='%H - %an, %ad : %s'
126bce849bc46440fa721aa3aa64bde30572f6dd - zedin27, Thu Aug 9 16:20:36 2018 -0700 : 01.1
87aa4c109664d2a0ca7cff0f2bdc9b7441075c97 - zedin27, Thu Aug 9 15:44:43 2018 -0700 : 01
a244059590f6907ee383d1438151540b1b22fda1 - zedin27, Thu Aug 9 15:44:32 2018 -0700 : 01
45d2d84274d7c5f18f5a11fdac474b44d537b10f - zedin27, Thu Aug 9 14:53:37 2018 -0700 : 00
 
= Collected files ==========================================
$> ls -lAR /var/folders/kn/v9wsh0dj3_9796kjqhdczyjc0000gp/T/tmp6FZYay/user
total 8
-rw-r--r--  1 deepthought  deepthought  1002 Aug  9 16:20 __GIT_HISTORY
drwxr-xr-x  3 deepthought  deepthought   102 Aug  9 16:20 first_word
drwxr-xr-x  3 deepthought  deepthought   102 Aug  9 16:20 ft_print_numbers
drwxr-xr-x  3 deepthought  deepthought   102 Aug  9 16:20 repeat_alpha

/var/folders/kn/v9wsh0dj3_9796kjqhdczyjc0000gp/T/tmp6FZYay/user/first_word:
total 8
-rw-r--r--  1 deepthought  deepthought  391 Aug  9 16:20 first_word.c

/var/folders/kn/v9wsh0dj3_9796kjqhdczyjc0000gp/T/tmp6FZYay/user/ft_print_numbers:
total 8
-rw-r--r--  1 deepthought  deepthought  92 Aug  9 16:20 ft_print_numbers.c

/var/folders/kn/v9wsh0dj3_9796kjqhdczyjc0000gp/T/tmp6FZYay/user/repeat_alpha:
total 8
-rw-r--r--  1 deepthought  deepthought  632 Aug  9 16:20 repeat_alpha.c
 
= first_word ===================================================================
$> gcc -Wextra -Wall -Werror first_word.c -o user_exe 

= Test 1 ===================================================
$> ./mqgv1lpizagflqkssjsa6e7g 
$> diff -U 3 user_output_test1 test1.output | cat -e

Diff OK :D
= Test 2 ===================================================
$> ./gddna9z6vifgk6qlojmjhhqd 
$> diff -U 3 user_output_test2 test2.output | cat -e

Diff OK :D
= Test 3 ===================================================
$> ./hru3g6dq0n1r42ume9lecw1k "salut" "a" "tous" "tout" "le" "monde"
$> diff -U 3 user_output_test3 test3.output | cat -e

Diff OK :D
= Test 4 ===================================================
$> ./rs789rgkh9iltwfddofpmyef "4aCG"
$> diff -U 3 user_output_test4 test4.output | cat -e
Binary files user_output_test4 and test4.output differ$

Diff KO :(
Grade: 0

= Final grade: 0 ===============================================================
