= Host-specific information ====================================================
$> hostname; uname -msr
e1z2r3p2.42.us.org
Darwin 15.6.0 x86_64
$> date
Tue May  1 16:08:38 PDT 2018
$> gcc --version
Configured with: --prefix=/Applications/Xcode.app/Contents/Developer/usr --with-gxx-include-dir=/Applications/Xcode.app/Contents/Developer/Platforms/MacOSX.platform/Developer/SDKs/MacOSX10.12.sdk/usr/include/c++/4.2.1
Apple LLVM version 8.0.0 (clang-800.0.38)
Target: x86_64-apple-darwin15.6.0
Thread model: posix
InstalledDir: /Applications/Xcode.app/Contents/Developer/Toolchains/XcodeDefault.xctoolchain/usr/bin
$> clang --version
Apple LLVM version 8.0.0 (clang-800.0.38)
Target: x86_64-apple-darwin15.6.0
Thread model: posix
InstalledDir: /Applications/Xcode.app/Contents/Developer/Toolchains/XcodeDefault.xctoolchain/usr/bin

= User files collection ========================================================
Collecting user files from Vogsphere
Repository URL: auto-exam/2018/c-exam-alone-in-the-dark-beginner/practice-exam_20180501/ztisnes

= Git history ==================================================================
$> git -C /var/folders/jn/0wvyjwdj6cl2svzzq2k6kw240000gp/T/tmpoGdtRC/user log --pretty='%H - %an, %ad : %s'
09b33d8d7c6dfd3e13e4d4bc626817f96cc3b072 - zedin27, Tue May 1 16:08:18 2018 -0700 : 00
 
= Collected files ==========================================
$> ls -lAR /var/folders/jn/0wvyjwdj6cl2svzzq2k6kw240000gp/T/tmpoGdtRC/user
total 8
-rw-r--r--  1 deepthought  deepthought  212 May  1 16:08 __GIT_HISTORY
drwxr-xr-x  3 deepthought  deepthought  102 May  1 16:08 maff_revalpha

/var/folders/jn/0wvyjwdj6cl2svzzq2k6kw240000gp/T/tmpoGdtRC/user/maff_revalpha:
total 8
-rw-r--r--  1 deepthought  deepthought  87 May  1 16:08 maff_revalpha.c
 
= maff_revalpha ================================================================
$> gcc -Wextra -Wall -Werror maff_revalpha.c -o user_exe 

= Test 1 ===================================================
$> ./9ksdopqhd0kggen5fouozrf1
$> diff -U 3 user_output_test1 test1.output | cat -e

Diff OK :D
Grade: 1

= Final grade: 1 ===============================================================
