= Host-specific information ====================================================
$> hostname; uname -msr
e1z2r1p11.42.us.org
Darwin 15.6.0 x86_64
$> date
Sat May 12 15:01:53 PDT 2018
$> gcc --version
Configured with: --prefix=/Library/Developer/CommandLineTools/usr --with-gxx-include-dir=/usr/include/c++/4.2.1
Apple LLVM version 8.0.0 (clang-800.0.42.1)
Target: x86_64-apple-darwin15.6.0
Thread model: posix
InstalledDir: /Library/Developer/CommandLineTools/usr/bin
$> clang --version
Apple LLVM version 8.0.0 (clang-800.0.42.1)
Target: x86_64-apple-darwin15.6.0
Thread model: posix
InstalledDir: /Library/Developer/CommandLineTools/usr/bin

= User files collection ========================================================
Collecting user files from Vogsphere
Repository URL: auto-exam/2018/c-exam-alone-in-the-dark-beginner/practice-exam_20180512/ztisnes2
= Collected files ==========================================
$> ls -lAR /var/folders/tq/ln84dzlj7cqc4y567m6nyk4w0000gp/T/tmpNaMcq0/user
 
= aff_z ========================================================================
Nothing turned in
Grade: 0

= Final grade: 0 ===============================================================
