= Host-specific information ====================================================
$> hostname; uname -msr
e1z1r4p9.42.us.org
Darwin 15.6.0 x86_64
$> date
Mon Jan 29 17:39:12 PST 2018
$> gcc --version
Configured with: --prefix=/Applications/Xcode.app/Contents/Developer/usr --with-gxx-include-dir=/usr/include/c++/4.2.1
Apple LLVM version 8.0.0 (clang-800.0.38)
Target: x86_64-apple-darwin15.6.0
Thread model: posix
InstalledDir: /Applications/Xcode.app/Contents/Developer/Toolchains/XcodeDefault.xctoolchain/usr/bin
$> clang --version
Apple LLVM version 8.0.0 (clang-800.0.38)
Target: x86_64-apple-darwin15.6.0
Thread model: posix
InstalledDir: /Applications/Xcode.app/Contents/Developer/Toolchains/XcodeDefault.xctoolchain/usr/bin

= User files collection ========================================================
Collecting user files from Vogsphere
Repository URL: auto-exam/2018/c-exam-alone-in-the-dark-beginner/practice-exam_20180129/ztisnes

= Git history ==================================================================
$> git -C /var/folders/xw/cgt1vp155td5fb8085c4ps8m0000gp/T/tmpDdzQiE/user log --pretty='%H - %an, %ad : %s'
5d92459722bb8ad96ba46913e9a97450bcf58b10 - zedin27, Mon Jan 29 17:39:04 2018 -0800 : 00
 
= Collected files ==========================================
$> ls -lAR /var/folders/xw/cgt1vp155td5fb8085c4ps8m0000gp/T/tmpDdzQiE/user
total 8
-rw-r--r--  1 deepthought  deepthought  217 Jan 29 17:39 __GIT_HISTORY
drwxr-xr-x  3 deepthought  deepthought  102 Jan 29 17:39 aff_a

/var/folders/xw/cgt1vp155td5fb8085c4ps8m0000gp/T/tmpDdzQiE/user/aff_a:
total 8
-rw-r--r--  1 deepthought  deepthought  267 Jan 29 17:39 aff_a.c
 
= aff_a ========================================================================
$> gcc -Wextra -Wall -Werror aff_a.c -o user_exe 

= Test 1 ===================================================
$> ./rr1xr8xes8z9fsgt7r4hyam5 
$> diff -U 3 user_output_test1 test1.output | cat -e

Diff OK :D
= Test 2 ===================================================
$> ./2wutugqrcw4odz3p416olvbd "17" "23" "42"
$> diff -U 3 user_output_test2 test2.output | cat -e

Diff OK :D
= Test 3 ===================================================
$> ./0dbhboicw3zldqp0o1gpxqif "azw"
$> diff -U 3 user_output_test3 test3.output | cat -e

Diff OK :D
= Test 4 ===================================================
$> ./dg2lsypfw9i4r7rj96l6q4gs "2a9Hg7YwTOM"
$> diff -U 3 user_output_test4 test4.output | cat -e

Diff OK :D
= Test 5 ===================================================
$> ./wlbi9g416uonz8y4fer0pc33 "U2MwNCAjOlpmX8F3"
$> diff -U 3 user_output_test5 test5.output | cat -e

Diff OK :D
= Test 6 ===================================================
$> ./kl10axd37gujwqo4wmcirrtx "9eHiYpNuKCSzd4JQ"
$> diff -U 3 user_output_test6 test6.output | cat -e

Diff OK :D
Grade: 1

= Final grade: 1 ===============================================================
