= Host-specific information ====================================================
$> hostname; uname -msr
e1z2r3p17.42.us.org
Darwin 15.6.0 x86_64
$> date
Mon Jan 29 18:02:40 PST 2018
$> gcc --version
Configured with: --prefix=/Applications/Xcode.app/Contents/Developer/usr --with-gxx-include-dir=/Applications/Xcode.app/Contents/Developer/Platforms/MacOSX.platform/Developer/SDKs/MacOSX10.12.sdk/usr/include/c++/4.2.1
Apple LLVM version 8.0.0 (clang-800.0.38)
Target: x86_64-apple-darwin15.6.0
Thread model: posix
InstalledDir: /Applications/Xcode.app/Contents/Developer/Toolchains/XcodeDefault.xctoolchain/usr/bin
$> clang --version
Apple LLVM version 8.0.0 (clang-800.0.38)
Target: x86_64-apple-darwin15.6.0
Thread model: posix
InstalledDir: /Applications/Xcode.app/Contents/Developer/Toolchains/XcodeDefault.xctoolchain/usr/bin

= User files collection ========================================================
Collecting user files from Vogsphere
Repository URL: auto-exam/2018/c-exam-alone-in-the-dark-beginner/practice-exam_20180129/ztisnes

= Git history ==================================================================
$> git -C /var/folders/97/qpsq8lcx3kxdx6wbrznc5n600000gp/T/tmpZUk5Vg/user log --pretty='%H - %an, %ad : %s'
5d92459722bb8ad96ba46913e9a97450bcf58b10 - zedin27, Mon Jan 29 17:39:04 2018 -0800 : 00
 
= Collected files ==========================================
$> ls -lAR /var/folders/97/qpsq8lcx3kxdx6wbrznc5n600000gp/T/tmpZUk5Vg/user
total 8
-rw-r--r--  1 deepthought  deepthought  217 Jan 29 18:02 __GIT_HISTORY
drwxr-xr-x  3 deepthought  deepthought  102 Jan 29 18:02 aff_a

/var/folders/97/qpsq8lcx3kxdx6wbrznc5n600000gp/T/tmpZUk5Vg/user/aff_a:
total 8
-rw-r--r--  1 deepthought  deepthought  267 Jan 29 18:02 aff_a.c
 
= ft_strlen ====================================================================
Nothing turned in
Grade: 0

= Final grade: 0 ===============================================================
