= Host-specific information ====================================================
$> hostname; uname -msr
e1z1r4p9.42.us.org
Darwin 15.6.0 x86_64
$> date
Mon Jan 29 19:11:56 PST 2018
$> gcc --version
Configured with: --prefix=/Applications/Xcode.app/Contents/Developer/usr --with-gxx-include-dir=/usr/include/c++/4.2.1
Apple LLVM version 8.0.0 (clang-800.0.38)
Target: x86_64-apple-darwin15.6.0
Thread model: posix
InstalledDir: /Applications/Xcode.app/Contents/Developer/Toolchains/XcodeDefault.xctoolchain/usr/bin
$> clang --version
Apple LLVM version 8.0.0 (clang-800.0.38)
Target: x86_64-apple-darwin15.6.0
Thread model: posix
InstalledDir: /Applications/Xcode.app/Contents/Developer/Toolchains/XcodeDefault.xctoolchain/usr/bin

= User files collection ========================================================
Collecting user files from Vogsphere
Repository URL: auto-exam/2018/c-exam-alone-in-the-dark-beginner/practice-exam_20180129/ztisnes

= Git history ==================================================================
$> git -C /var/folders/xw/cgt1vp155td5fb8085c4ps8m0000gp/T/tmpT5lHDs/user log --pretty='%H - %an, %ad : %s'
5ca088c1364b9ff628d403214b45999cc4eebb37 - zedin27, Mon Jan 29 19:08:22 2018 -0800 : 01
5d92459722bb8ad96ba46913e9a97450bcf58b10 - zedin27, Mon Jan 29 17:39:04 2018 -0800 : 00
 
= Collected files ==========================================
$> ls -lAR /var/folders/xw/cgt1vp155td5fb8085c4ps8m0000gp/T/tmpT5lHDs/user
total 8
-rw-r--r--  1 deepthought  deepthought  514 Jan 29 19:11 __GIT_HISTORY
drwxr-xr-x  3 deepthought  deepthought  102 Jan 29 19:11 aff_a
drwxr-xr-x  4 deepthought  deepthought  136 Jan 29 19:11 rev_print

/var/folders/xw/cgt1vp155td5fb8085c4ps8m0000gp/T/tmpT5lHDs/user/aff_a:
total 8
-rw-r--r--  1 deepthought  deepthought  267 Jan 29 19:11 aff_a.c

/var/folders/xw/cgt1vp155td5fb8085c4ps8m0000gp/T/tmpT5lHDs/user/rev_print:
total 32
-rwxr-xr-x  1 deepthought  deepthought  8520 Jan 29 19:11 .nfs.20051027.2a96
-rw-r--r--  1 deepthought  deepthought   355 Jan 29 19:11 rev_print.c
 
= rev_print ====================================================================
$> gcc -Wextra -Wall -Werror rev_print.c -o user_exe 

= Test 1 ===================================================
$> ./mifh843dtaccubx1jlufumqx 
$> diff -U 3 user_output_test1 test1.output | cat -e

Diff OK :D
= Test 2 ===================================================
$> ./59016qn298yr61sr6vd78xxu "1l6nx8ftAPRXB7qG5"
$> diff -U 3 user_output_test2 test2.output | cat -e

Diff OK :D
= Test 3 ===================================================
$> ./12u92z90d1ro9tprikeuernh "uLvxfBM2AT"
$> diff -U 3 user_output_test3 test3.output | cat -e

Diff OK :D
= Test 4 ===================================================
$> ./90tb23mmnn3oqquaqwufuc01 "doUOtC2"
$> diff -U 3 user_output_test4 test4.output | cat -e

Diff OK :D
= Test 5 ===================================================
$> ./vpxipz8wct83pevhi00ldkr4 "fJRtyaZ Q2UjpG5NCy9qv kfs E9spZ3jHr lz1qxFDGkw wINR vASHibJufnKpQ085 GIAHQpg1"
$> diff -U 3 user_output_test5 test5.output | cat -e

Diff OK :D
= Test 6 ===================================================
$> ./yi8q4zp26rwyskhv14dsdj0v "vnjf zrlPJmeSW3T 0YoVziFbgl3 PmRCxn0OUif5jAe 2bGk8q9y7 H3ASg MNXdiPQxZYFcs pudD 6KrsnS3THa5hg MqAf cBKsLmqA6RSOUV5"
$> diff -U 3 user_output_test6 test6.output | cat -e

Diff OK :D
= Test 7 ===================================================
$> ./icquf1cw7bksy6196cg76edk "fqWcFOGn J5xvoDnYHi4NWsP ZyoaQz h2o5Y iMLnf7p3lXRCJ 9WnzPk DJSt4NiPhHdGuVoU YgqD JDotLaOzq eU8 0SCtFQRVTm28Uaes4 Mctu EkWwzoe4b32fD mCRJdujOhiUL1t Y0Ix9guZ38wAtvG GRlU8ajmD4rA F1nX3MLCN4QT WAqN"
$> diff -U 3 user_output_test7 test7.output | cat -e

Diff OK :D
= Test 8 ===================================================
$> ./bjgf78p143d3lamnkbgsbt6o "Qmpe" "QupqmnDwgc" "l9qT" "58GDx6" "Q6xIm8rF4w" "bkvwlCyoQ" "rmWDA45" "ZPq" "D6uzfF0cGH" "YGy1X809H" "0TB1H" "H7fw1YThi9W3pQa5" "5zAPU" "F3ZSepX" "ZpDlfOKh85" "5kVH6NGxX8YwgCSh"
$> diff -U 3 user_output_test8 test8.output | cat -e

Diff OK :D
= Test 9 ===================================================
$> ./i9eyvtrslegq2020722sxvvf "xb8V5MJesS" "UYr03AM8" "Q8e" "TRwQ8A" "Ih0cV5" "aNugDFvko" "x5CQorD7MX3tm" "Vyevn6LWNJKmQk" "bBI4sG"
$> diff -U 3 user_output_test9 test9.output | cat -e

Diff OK :D
= Test 10 ==================================================
$> ./oasexwrow9dbuv24w3fprunv "DEq NmuJFHt aRP7VIJDUvBq XvxQkz CFuSQlgoye 9b2dV3DmN5fIE" "biJV7fMy el5w c7nAjBg6 jnY27QigvU6dTJb A2WhGRYgNQxv k4iVpgP0O5Ah ZqilKTyGwko12JDSp braSeQZ3ipc2Jv1n I0nOjTa G23oNYBpTfS 2hc 5QbYTad4jpZqm mjwRg QnT8BH 36bVtgcljx lqAosERZ85c93Sx KovsZMRBqrIi" "vLr BCcrW NgmElyIM6KcJ 87dZv ix2jwy69Ka1seF P3x4DV 1E29Ur FfN9tA 2jTF 1eyfHmMGiUl69d4v nic6t2PGlHm8M"
$> diff -U 3 user_output_test10 test10.output | cat -e

Diff OK :D
= Test 11 ==================================================
$> ./t9lw0408l7iu2n6orcugk7g3 "pqR wtnNEKpkjogeq6Z fne2UiMTlpmH1x ApmUWa7xL94Y3Duf sv0Eo2AM1mqlcSw oE56 Spi1 YVuM3rKG" "XR5Osci CLbEYJg fYiRF3p2hkAc9avV Dm3d QHiAgDR3EL8ey0wus KCv7AfkQJ AX6RIHFlTsJK3uS W4VmJSEMj3 WAgGvyTmX1 dYlHkGTUsr" "Ec1 nKuQPJ vE126TcBR 4Lg0MJmo9kwKPFflR TlJrDVUP D6O 1X3P ZWqhF4 0hqQpxvJ3NSedUEM Pbd 32gltK dH8SQMh c6OhTkm0fyuz nX13oDzCqry4" "exoYUnFX JbOHkuSnQYV vOEWiaThsz IvOPRrmsp87w NsYgdn6p5XUDklj c4oEC0Q3LfhRVNntd iZa 7i94zH fJqavm Zrw9Ep OTKej1QLBU5Drxn Ri1Um bHzvO UiGLwpCe8j1u75mo D03JiuXng5QPe8z" "dAZiMcoX1QF RhrpGJkl1 qRC3rE4ZLM6tTNH1 9Lml t8ZAd670V qL8rdJ5p32RO4yK"
$> diff -U 3 user_output_test11 test11.output | cat -e

Diff OK :D
Grade: 1

= Final grade: 1 ===============================================================
