= Host-specific information ====================================================
$> hostname; uname -msr
e1z2r3p2.42.us.org
Darwin 15.6.0 x86_64
$> date
Sat May 12 10:45:04 PDT 2018
$> gcc --version
Configured with: --prefix=/Applications/Xcode.app/Contents/Developer/usr --with-gxx-include-dir=/usr/include/c++/4.2.1
Apple LLVM version 8.0.0 (clang-800.0.38)
Target: x86_64-apple-darwin15.6.0
Thread model: posix
InstalledDir: /Applications/Xcode.app/Contents/Developer/Toolchains/XcodeDefault.xctoolchain/usr/bin
$> clang --version
Apple LLVM version 8.0.0 (clang-800.0.38)
Target: x86_64-apple-darwin15.6.0
Thread model: posix
InstalledDir: /Applications/Xcode.app/Contents/Developer/Toolchains/XcodeDefault.xctoolchain/usr/bin

= User files collection ========================================================
Collecting user files from Vogsphere
Repository URL: auto-exam/2018/c-exam-alone-in-the-dark-beginner/practice-exam_20180512/ztisnes

= Git history ==================================================================
$> git -C /var/folders/jn/0wvyjwdj6cl2svzzq2k6kw240000gp/T/tmpr0PUe1/user log --pretty='%H - %an, %ad : %s'
b4570a3d3c1b8d30fa516773d4ee95e7aedb31ab - zedin27, Sat May 12 10:44:57 2018 -0700 : 00
 
= Collected files ==========================================
$> ls -lAR /var/folders/jn/0wvyjwdj6cl2svzzq2k6kw240000gp/T/tmpr0PUe1/user
total 8
-rw-r--r--  1 deepthought  deepthought  197 May 12 10:45 __GIT_HISTORY
drwxr-xr-x  3 deepthought  deepthought  102 May 12 10:45 aff_a

/var/folders/jn/0wvyjwdj6cl2svzzq2k6kw240000gp/T/tmpr0PUe1/user/aff_a:
total 8
-rw-r--r--  1 deepthought  deepthought  61 May 12 10:45 aff_a.c
 
= aff_a ========================================================================
$> gcc -Wextra -Wall -Werror aff_a.c -o user_exe 

= Test 1 ===================================================
$> ./24v74yf99crds9fd7gad6mz6 
$> diff -U 3 user_output_test1 test1.output | cat -e

Diff OK :D
= Test 2 ===================================================
$> ./sqdk4pqm7qo5fq7m0gf4dnj8 "17" "23" "42"
$> diff -U 3 user_output_test2 test2.output | cat -e

Diff OK :D
= Test 3 ===================================================
$> ./jnq9ybymts5s4pxpk0wv4yqx "abmwk"
$> diff -U 3 user_output_test3 test3.output | cat -e

Diff OK :D
= Test 4 ===================================================
$> ./vp9cp2o4krr000h4kj5x9baq "mvja"
$> diff -U 3 user_output_test4 test4.output | cat -e

Diff OK :D
= Test 5 ===================================================
$> ./2an5yrzy5yeb4csurfbli102 "t96x5jrecIPEk8"
$> diff -U 3 user_output_test5 test5.output | cat -e
--- user_output_test5	2018-05-12 10:45:06.000000000 -0700$
+++ test5.output	2018-05-12 10:45:06.000000000 -0700$
@@ -1 +1 @@$
-a$
+$

Diff KO :(
Grade: 0

= Final grade: 0 ===============================================================
