= Host-specific information ====================================================
$> hostname; uname -msr
e1z2r3p2.42.us.org
Darwin 15.6.0 x86_64
$> date
Sat May 12 12:02:15 PDT 2018
$> gcc --version
Configured with: --prefix=/Applications/Xcode.app/Contents/Developer/usr --with-gxx-include-dir=/usr/include/c++/4.2.1
Apple LLVM version 8.0.0 (clang-800.0.38)
Target: x86_64-apple-darwin15.6.0
Thread model: posix
InstalledDir: /Applications/Xcode.app/Contents/Developer/Toolchains/XcodeDefault.xctoolchain/usr/bin
$> clang --version
Apple LLVM version 8.0.0 (clang-800.0.38)
Target: x86_64-apple-darwin15.6.0
Thread model: posix
InstalledDir: /Applications/Xcode.app/Contents/Developer/Toolchains/XcodeDefault.xctoolchain/usr/bin

= User files collection ========================================================
Collecting user files from Vogsphere
Repository URL: auto-exam/2018/c-exam-alone-in-the-dark-beginner/practice-exam_20180512/ztisnes

= Git history ==================================================================
$> git -C /var/folders/jn/0wvyjwdj6cl2svzzq2k6kw240000gp/T/tmp8CFBGD/user log --pretty='%H - %an, %ad : %s'
3d0eee68eddd149b7e18e13fc56094a1cd446894 - zedin27, Sat May 12 12:02:03 2018 -0700 : 02
87e9dc3814d6821587b5bfdd12362919ba669e30 - zedin27, Sat May 12 10:55:47 2018 -0700 : 01
1a4ebf7ec8f3d032df91d66e6eff291d89417216 - zedin27, Sat May 12 10:47:34 2018 -0700 : 00 again
b4570a3d3c1b8d30fa516773d4ee95e7aedb31ab - zedin27, Sat May 12 10:44:57 2018 -0700 : 00
 
= Collected files ==========================================
$> ls -lAR /var/folders/jn/0wvyjwdj6cl2svzzq2k6kw240000gp/T/tmp8CFBGD/user
total 8
-rw-r--r--  1 deepthought  deepthought  849 May 12 12:02 __GIT_HISTORY
drwxr-xr-x  3 deepthought  deepthought  102 May 12 12:02 aff_a
drwxr-xr-x  3 deepthought  deepthought  102 May 12 12:02 aff_z
drwxr-xr-x  3 deepthought  deepthought  102 May 12 12:02 ft_strdup
drwxr-xr-x  3 deepthought  deepthought  102 May 12 12:02 ft_swap

/var/folders/jn/0wvyjwdj6cl2svzzq2k6kw240000gp/T/tmp8CFBGD/user/aff_a:
total 8
-rw-r--r--  1 deepthought  deepthought  61 May 12 12:02 aff_a.c

/var/folders/jn/0wvyjwdj6cl2svzzq2k6kw240000gp/T/tmp8CFBGD/user/aff_z:
total 8
-rw-r--r--  1 deepthought  deepthought  61 May 12 12:02 aff_z.c

/var/folders/jn/0wvyjwdj6cl2svzzq2k6kw240000gp/T/tmp8CFBGD/user/ft_strdup:
total 8
-rw-r--r--  1 deepthought  deepthought  450 May 12 12:02 ft_strdup.c

/var/folders/jn/0wvyjwdj6cl2svzzq2k6kw240000gp/T/tmp8CFBGD/user/ft_swap:
total 8
-rw-r--r--  1 deepthought  deepthought  99 May 12 12:02 ft_swap.c
 
= ft_strdup ====================================================================
$> gcc -Wextra -Wall -Werror main.c ft_strdup.c -o user_exe 

= Test 1 ===================================================
$> ./a7camp287ycn21d0h0ccuyyj ""
$> diff -U 3 user_output_test1 test1.output | cat -e

Diff OK :D
= Test 2 ===================================================
$> ./uz4zq22m0unknufz8zzjeq9f "0CONuDrGJ4ta"
$> diff -U 3 user_output_test2 test2.output | cat -e

Diff OK :D
= Test 3 ===================================================
$> ./1shytjtp8rs3u81oayuwn3z9 "jGCz3a"
$> diff -U 3 user_output_test3 test3.output | cat -e

Diff OK :D
= Test 4 ===================================================
$> ./rxm6jfikbhv51no494dds8kw "r5eBxo"
$> diff -U 3 user_output_test4 test4.output | cat -e

Diff OK :D
= Test 5 ===================================================
$> ./r4lwvmaj15jctr3ykh5x115r "dbEiuhBOtT03JGV"
$> diff -U 3 user_output_test5 test5.output | cat -e

Diff OK :D
= Test 6 ===================================================
$> ./jwi9dbozlzstt0qzx6qnl68e "21LX495mQT j51 Cic9egVhOuT6IPm sc25gMVvE RCuYXNQnOqrvsZDB IoGHl uiWUTD9H J7HUT5QX fCqihHaWIP7m2 k1Sz2Fr5NthJql 7Li5jh6k"
$> diff -U 3 user_output_test6 test6.output | cat -e

Diff OK :D
= Test 7 ===================================================
$> ./ml5sfohboitta1f1wu54gqry "PfcGClbhxtJYFu AGILSZT8csOl7 UWTvXw0uQobcs 84lrpaeTDo kFdevji6Hl8 nOeqRLMr"
$> diff -U 3 user_output_test7 test7.output | cat -e

Diff OK :D
= Test 8 ===================================================
$> ./62da91cv3xynbk50c0816bma "27fFIYjbKpv1Nki 5dUZDwIOcxtAB ecMsGCQZXK3 g0xGLYjfWKwRO6Nkt hBu 8RkFTBN XDY9eEZufzbryp3 WQ4zrxuSah 2JFcGXQairAye1 d0fKIpFWuGeyjmz3E L0FQK81ENBvC9b 6QRMOwrdzi slQInZHjh9taXWO4 vYupJm53Hd"
$> diff -U 3 user_output_test8 test8.output | cat -e

Diff OK :D
= Test 9 ===================================================
$> ./nwygcpj4vn2kyvw9tsgkp6hr "BGynXWYPZzo oL9rTlXBpUms0GcR x9tPMJFOi0arwRkpz zSHtI5 QKXS1oedcMI3aWNtg CuY2syNR ASmE mGWXKgJh KcTjZnW ZeE9G4DxaRifoLWt vfzKXw E2MlXFHIUO0K tzpkiqGcCV4Nlv GnPAd 74mtVok3CsF9iqwY pZxyFXR SiRmtWwTNBF3"
$> diff -U 3 user_output_test9 test9.output | cat -e

Diff OK :D
Grade: 1

= Final grade: 1 ===============================================================
