= Host-specific information ====================================================
$> hostname; uname -msr
e1z2r3p17.42.us.org
Darwin 15.6.0 x86_64
$> date
Sat May 12 17:36:53 PDT 2018
$> gcc --version
Configured with: --prefix=/Applications/Xcode.app/Contents/Developer/usr --with-gxx-include-dir=/Applications/Xcode.app/Contents/Developer/Platforms/MacOSX.platform/Developer/SDKs/MacOSX10.12.sdk/usr/include/c++/4.2.1
Apple LLVM version 8.0.0 (clang-800.0.38)
Target: x86_64-apple-darwin15.6.0
Thread model: posix
InstalledDir: /Applications/Xcode.app/Contents/Developer/Toolchains/XcodeDefault.xctoolchain/usr/bin
$> clang --version
Apple LLVM version 8.0.0 (clang-800.0.38)
Target: x86_64-apple-darwin15.6.0
Thread model: posix
InstalledDir: /Applications/Xcode.app/Contents/Developer/Toolchains/XcodeDefault.xctoolchain/usr/bin

= User files collection ========================================================
Collecting user files from Vogsphere
Repository URL: auto-exam/2018/c-exam-alone-in-the-dark-beginner/practice-exam_20180512/ztisnes2

= Git history ==================================================================
$> git -C /var/folders/97/qpsq8lcx3kxdx6wbrznc5n600000gp/T/tmpKfrllE/user log --pretty='%H - %an, %ad : %s'
c5cd5816b6a577976584fabbffff87e6fdb96a05 - zedin27, Sat May 12 17:36:42 2018 -0700 : 02
7ddedd0092826287fca4cec0fe3a31e574750af5 - zedin27, Sat May 12 17:29:04 2018 -0700 : 01
d098807b207e671798e54d471e1c08d5fdfe4a81 - zedin27, Sat May 12 16:34:07 2018 -0700 : 01
d904ef897b65199d01ec6b73f25ac92770ed59b9 - zedin27, Sat May 12 16:05:58 2018 -0700 : 00
d14d59bbd77f43705808d3074023c5f0a6405434 - zedin27, Sat May 12 15:10:17 2018 -0700 : 00
 
= Collected files ==========================================
$> ls -lAR /var/folders/97/qpsq8lcx3kxdx6wbrznc5n600000gp/T/tmpKfrllE/user
total 8
-rw-r--r--  1 deepthought  deepthought  1115 May 12 17:36 __GIT_HISTORY
drwxr-xr-x  3 deepthought  deepthought   102 May 12 17:36 aff_last_param
drwxr-xr-x  3 deepthought  deepthought   102 May 12 17:36 first_word
drwxr-xr-x  3 deepthought  deepthought   102 May 12 17:36 ft_print_numbers
drwxr-xr-x  3 deepthought  deepthought   102 May 12 17:36 swap_bits
drwxr-xr-x  3 deepthought  deepthought   102 May 12 17:36 ulstr

/var/folders/97/qpsq8lcx3kxdx6wbrznc5n600000gp/T/tmpKfrllE/user/aff_last_param:
total 8
-rw-r--r--  1 deepthought  deepthought  362 May 12 17:36 aff_last_param.c

/var/folders/97/qpsq8lcx3kxdx6wbrznc5n600000gp/T/tmpKfrllE/user/first_word:
total 8
-rw-r--r--  1 deepthought  deepthought  372 May 12 17:36 first_word.c

/var/folders/97/qpsq8lcx3kxdx6wbrznc5n600000gp/T/tmpKfrllE/user/ft_print_numbers:
total 8
-rw-r--r--  1 deepthought  deepthought  82 May 12 17:36 ft_print_numbers.c

/var/folders/97/qpsq8lcx3kxdx6wbrznc5n600000gp/T/tmpKfrllE/user/swap_bits:
total 8
-rw-r--r--  1 deepthought  deepthought  87 May 12 17:36 swap_bits.c

/var/folders/97/qpsq8lcx3kxdx6wbrznc5n600000gp/T/tmpKfrllE/user/ulstr:
total 8
-rw-r--r--  1 deepthought  deepthought  367 May 12 17:36 ulstr.c
 
= swap_bits ====================================================================
$> gcc -Wextra -Wall -Werror main.c swap_bits.c -o user_exe 

= Test 1 ===================================================
$> ./z4w585dxv7fp6dggmm8t2k5b
$> diff -U 3 user_output_test1 test1.output | cat -e
--- user_output_test1	2018-05-12 17:36:54.000000000 -0700$
+++ test1.output	2018-05-12 17:36:54.000000000 -0700$
@@ -1,255 +1,255 @@$
 0$
-1$
-1$
-1$
-1$
-1$
-1$
-1$
-1$
-1$
-1$
-1$
-1$
-1$
-1$
-1$
-1$
-1$
-1$
-1$
-1$
-1$
-1$
-1$
-1$
-1$
-1$
-1$
-1$
-1$
-1$
-1$
-1$
-1$
-1$
-1$
-1$
-1$
-1$
-1$
-1$
-1$
-1$
-1$
-1$
-1$
-1$
-1$
-1$
-1$
-1$
-1$
-1$
-1$
-1$
-1$
-1$
-1$
-1$
-1$
-1$
-1$
-1$
-1$
-1$
-1$
-1$
-1$
-1$
-1$
-1$
-1$
-1$
-1$
-1$
-1$
-1$
-1$
-1$
-1$
-1$
-1$
-1$
-1$
-1$
-1$
-1$
-1$
-1$
-1$
-1$
-1$
-1$
-1$
-1$
-1$
-1$
-1$
-1$
-1$
-1$
-1$
-1$
-1$
-1$
-1$
-1$
-1$
-1$
-1$
-1$
-1$
-1$
-1$
-1$
-1$
-1$
-1$
-1$
-1$
-1$
-1$
-1$
-1$
-1$
-1$
-1$
-1$
-1$
-1$
-1$
-1$
-1$
-1$
-1$
-1$
-1$
-1$
-1$
-1$
-1$
-1$
-1$
-1$
-1$
-1$
-1$
-1$
-1$
-1$
-1$
-1$
-1$
-1$
-1$
-1$
-1$
-1$
-1$
-1$
-1$
-1$
-1$
-1$
-1$
-1$
-1$
-1$
-1$
-1$
-1$
-1$
-1$
-1$
-1$
-1$
-1$
-1$
-1$
-1$
-1$
-1$
-1$
-1$
-1$
-1$
-1$
-1$
-1$
-1$
-1$
-1$
-1$
-1$
-1$
-1$
-1$
-1$
-1$
-1$
-1$
-1$
-1$
-1$
-1$
-1$
-1$
-1$
-1$
-1$
-1$
-1$
-1$
-1$
-1$
-1$
-1$
-1$
-1$
-1$
-1$
-1$
-1$
-1$
-1$
-1$
-1$
-1$
-1$
-1$
-1$
-1$
-1$
-1$
-1$
-1$
-1$
-1$
-1$
-1$
-1$
-1$
-1$
-1$
-1$
-1$
-1$
-1$
-1$
-1$
-1$
-1$
-1$
-1$
-1$
+16$
+32$
+48$
+64$
+80$
+96$
+112$
+128$
+144$
+160$
+176$
+192$
+208$
+224$
+240$
+1$
+17$
+33$
+49$
+65$
+81$
+97$
+113$
+129$
+145$
+161$
+177$
+193$
+209$
+225$
+241$
+2$
+18$
+34$
+50$
+66$
+82$
+98$
+114$
+130$
+146$
+162$
+178$
+194$
+210$
+226$
+242$
+3$
+19$
+35$
+51$
+67$
+83$
+99$
+115$
+131$
+147$
+163$
+179$
+195$
+211$
+227$
+243$
+4$
+20$
+36$
+52$
+68$
+84$
+100$
+116$
+132$
+148$
+164$
+180$
+196$
+212$
+228$
+244$
+5$
+21$
+37$
+53$
+69$
+85$
+101$
+117$
+133$
+149$
+165$
+181$
+197$
+213$
+229$
+245$
+6$
+22$
+38$
+54$
+70$
+86$
+102$
+118$
+134$
+150$
+166$
+182$
+198$
+214$
+230$
+246$
+7$
+23$
+39$
+55$
+71$
+87$
+103$
+119$
+135$
+151$
+167$
+183$
+199$
+215$
+231$
+247$
+8$
+24$
+40$
+56$
+72$
+88$
+104$
+120$
+136$
+152$
+168$
+184$
+200$
+216$
+232$
+248$
+9$
+25$
+41$
+57$
+73$
+89$
+105$
+121$
+137$
+153$
+169$
+185$
+201$
+217$
+233$
+249$
+10$
+26$
+42$
+58$
+74$
+90$
+106$
+122$
+138$
+154$
+170$
+186$
+202$
+218$
+234$
+250$
+11$
+27$
+43$
+59$
+75$
+91$
+107$
+123$
+139$
+155$
+171$
+187$
+203$
+219$
+235$
+251$
+12$
+28$
+44$
+60$
+76$
+92$
+108$
+124$
+140$
+156$
+172$
+188$
+204$
+220$
+236$
+252$
+13$
+29$
+45$
+61$
+77$
+93$
+109$
+125$
+141$
+157$
+173$
+189$
+205$
+221$
+237$
+253$
+14$
+30$
+46$
+62$
+78$
+94$
+110$
+126$
+142$
+158$
+174$
+190$
+206$
+222$
+238$
+254$
+15$
+31$
+47$
+63$
+79$
+95$
+111$
+127$
+143$
+159$
+175$
+191$
+207$
+223$
+239$

Diff KO :(
Grade: 0

= Final grade: 0 ===============================================================
