= Host-specific information ====================================================
$> hostname; uname -msr
e1z2r3p17.42.us.org
Darwin 15.6.0 x86_64
$> date
Fri May 11 10:42:55 PDT 2018
$> gcc --version
Configured with: --prefix=/Applications/Xcode.app/Contents/Developer/usr --with-gxx-include-dir=/Applications/Xcode.app/Contents/Developer/Platforms/MacOSX.platform/Developer/SDKs/MacOSX10.12.sdk/usr/include/c++/4.2.1
Apple LLVM version 8.0.0 (clang-800.0.38)
Target: x86_64-apple-darwin15.6.0
Thread model: posix
InstalledDir: /Applications/Xcode.app/Contents/Developer/Toolchains/XcodeDefault.xctoolchain/usr/bin
$> clang --version
Apple LLVM version 8.0.0 (clang-800.0.38)
Target: x86_64-apple-darwin15.6.0
Thread model: posix
InstalledDir: /Applications/Xcode.app/Contents/Developer/Toolchains/XcodeDefault.xctoolchain/usr/bin

= User files collection ========================================================
Collecting user files from Vogsphere
Repository URL: auto-exam/2018/c-exam-alone-in-the-dark-beginner/practice-exam_20180511/ztisnes

= Git history ==================================================================
$> git -C /var/folders/97/qpsq8lcx3kxdx6wbrznc5n600000gp/T/tmp_biPQW/user log --pretty='%H - %an, %ad : %s'
1c8c3734354715af692ce84e47ca4d94fdecaf35 - zedin27, Fri May 11 10:42:37 2018 -0700 : 00
 
= Collected files ==========================================
$> ls -lAR /var/folders/97/qpsq8lcx3kxdx6wbrznc5n600000gp/T/tmp_biPQW/user
total 8
-rw-r--r--  1 deepthought  deepthought  197 May 11 10:42 __GIT_HISTORY
drwxr-xr-x  3 deepthought  deepthought  102 May 11 10:42 aff_z

/var/folders/97/qpsq8lcx3kxdx6wbrznc5n600000gp/T/tmp_biPQW/user/aff_z:
total 8
-rw-r--r--  1 deepthought  deepthought  61 May 11 10:42 aff_z.c
 
= aff_z ========================================================================
$> gcc -Wextra -Wall -Werror aff_z.c -o user_exe 

= Test 1 ===================================================
$> ./sbjgnffkhp7mnw4prwbfv8uq 
$> diff -U 3 user_output_test1 test1.output | cat -e

Diff OK :D
= Test 2 ===================================================
$> ./olry3onrir0rfxpym7k4g1x4 "IY9ymU5uMx" "ciGtybqz56h3u" "S1P" "ZnxWzhbdCY3kJ" "yfmIUq7hGCixe4D" "PX7W"
$> diff -U 3 user_output_test2 test2.output | cat -e

Diff OK :D
= Test 3 ===================================================
$> ./gcpq3qyy7j0rxgpv2rdy2v36 "OPifgzBdR5KNcaDG"
$> diff -U 3 user_output_test3 test3.output | cat -e

Diff OK :D
= Test 4 ===================================================
$> ./x6inv78q3gs5foyr9fk8nepy "xzmt3"
$> diff -U 3 user_output_test4 test4.output | cat -e

Diff OK :D
= Test 5 ===================================================
$> ./fc5foorh4bp1zaducb3wpyof "gqZP"
$> diff -U 3 user_output_test5 test5.output | cat -e

Diff OK :D
= Test 6 ===================================================
$> ./gwlja9t862x1cbmdy6w5ckau "i1uHZexRVMLI"
$> diff -U 3 user_output_test6 test6.output | cat -e

Diff OK :D
Grade: 1

= Final grade: 1 ===============================================================
