= Host-specific information ====================================================
$> hostname; uname -msr
e1z2r3p17.42.us.org
Darwin 15.6.0 x86_64
$> date
Fri May 11 11:39:56 PDT 2018
$> gcc --version
Configured with: --prefix=/Applications/Xcode.app/Contents/Developer/usr --with-gxx-include-dir=/Applications/Xcode.app/Contents/Developer/Platforms/MacOSX.platform/Developer/SDKs/MacOSX10.12.sdk/usr/include/c++/4.2.1
Apple LLVM version 8.0.0 (clang-800.0.38)
Target: x86_64-apple-darwin15.6.0
Thread model: posix
InstalledDir: /Applications/Xcode.app/Contents/Developer/Toolchains/XcodeDefault.xctoolchain/usr/bin
$> clang --version
Apple LLVM version 8.0.0 (clang-800.0.38)
Target: x86_64-apple-darwin15.6.0
Thread model: posix
InstalledDir: /Applications/Xcode.app/Contents/Developer/Toolchains/XcodeDefault.xctoolchain/usr/bin

= User files collection ========================================================
Collecting user files from Vogsphere
Repository URL: auto-exam/2018/c-exam-alone-in-the-dark-beginner/practice-exam_20180511/ztisnes

= Git history ==================================================================
$> git -C /var/folders/97/qpsq8lcx3kxdx6wbrznc5n600000gp/T/tmpoQY5dP/user log --pretty='%H - %an, %ad : %s'
33edfb8395e4f009d9a5912b62cea7855776a00d - zedin27, Fri May 11 11:39:42 2018 -0700 : 01
1c8c3734354715af692ce84e47ca4d94fdecaf35 - zedin27, Fri May 11 10:42:37 2018 -0700 : 00
 
= Collected files ==========================================
$> ls -lAR /var/folders/97/qpsq8lcx3kxdx6wbrznc5n600000gp/T/tmpoQY5dP/user
total 8
-rw-r--r--  1 deepthought  deepthought  412 May 11 11:40 __GIT_HISTORY
drwxr-xr-x  3 deepthought  deepthought  102 May 11 11:40 aff_z
drwxr-xr-x  3 deepthought  deepthought  102 May 11 11:40 ft_strcpy

/var/folders/97/qpsq8lcx3kxdx6wbrznc5n600000gp/T/tmpoQY5dP/user/aff_z:
total 8
-rw-r--r--  1 deepthought  deepthought  61 May 11 11:40 aff_z.c

/var/folders/97/qpsq8lcx3kxdx6wbrznc5n600000gp/T/tmpoQY5dP/user/ft_strcpy:
total 8
-rw-r--r--  1 deepthought  deepthought  139 May 11 11:40 ft_strcpy.c
 
= ft_strcpy ====================================================================
$> gcc -Wextra -Wall -Werror main.c ft_strcpy.c -o user_exe 

= Test 1 ===================================================
$> ./x211tqhu5oea4bhliruu8nmq ""
$> diff -U 3 user_output_test1 test1.output | cat -e

Diff OK :D
= Test 2 ===================================================
$> ./2mjt4s697j68u30cgthi7ssg "pFwKuzj"
$> diff -U 3 user_output_test2 test2.output | cat -e

Diff OK :D
= Test 3 ===================================================
$> ./mywi00xg0h6fmf4sd2eah284 "EucI5HAxMTJW1"
$> diff -U 3 user_output_test3 test3.output | cat -e

Diff OK :D
= Test 4 ===================================================
$> ./q1ri9dzp86iicqai18dtyhst "ByTUqclAaXLi"
$> diff -U 3 user_output_test4 test4.output | cat -e

Diff OK :D
= Test 5 ===================================================
$> ./zybuqdjdv8novfp7jlc9vwxv "TIgC"
$> diff -U 3 user_output_test5 test5.output | cat -e

Diff OK :D
= Test 6 ===================================================
$> ./vbtq18dw7h3dfuj3kt3aoxff "bm0fp8"
$> diff -U 3 user_output_test6 test6.output | cat -e

Diff OK :D
= Test 7 ===================================================
$> ./e6ian791nsw4zgxfwr38xhh1 "dAOvawYh3T"
$> diff -U 3 user_output_test7 test7.output | cat -e

Diff OK :D
= Test 8 ===================================================
$> ./fhp6178ydanxgbxn5r8pr1a7 "znceqxA"
$> diff -U 3 user_output_test8 test8.output | cat -e

Diff OK :D
= Test 9 ===================================================
$> ./ejo9hwzo6jpvthzzjwwvjmwy "0rZCOjkAsIXRwHKD"
$> diff -U 3 user_output_test9 test9.output | cat -e

Diff OK :D
= Test 10 ==================================================
$> ./vs76u293e01tzx2wws2ryzse "sbJneVqgIMfdyHi0"
$> diff -U 3 user_output_test10 test10.output | cat -e

Diff OK :D
= Test 11 ==================================================
$> ./osa3rr6um9cks5bhpv4wkhbv "3SwV52ArastcI"
$> diff -U 3 user_output_test11 test11.output | cat -e

Diff OK :D
= Test 12 ==================================================
$> ./lxi8o1z3mioq3g6hatqu793k "M32dqtEavGlpu"
$> diff -U 3 user_output_test12 test12.output | cat -e

Diff OK :D
= Test 13 ==================================================
$> ./5ena0erwtnvcsdz5xotcqg2u "F6wJ"
$> diff -U 3 user_output_test13 test13.output | cat -e

Diff OK :D
= Test 14 ==================================================
$> ./o8ctumkorebc57xb3njbbomd "UqgX0jZmCH6QIhzG9"
$> diff -U 3 user_output_test14 test14.output | cat -e

Diff OK :D
= Test 15 ==================================================
$> ./lxokbtpmsa3ilv0ixe8jveet "6rpFQZsC"
$> diff -U 3 user_output_test15 test15.output | cat -e

Diff OK :D
Grade: 1

= Final grade: 1 ===============================================================
